  appmain.cpp
g:\project\cqsdk-vc-master\cqsdk-vc-master\cqsdk-vc-master\cqpdemo\appmain.cpp(149): warning C4996: 'sprintf': This function or variable may be unsafe. Consider using sprintf_s instead. To disable deprecation, use _CRT_SECURE_NO_WARNINGS. See online help for details.
  k:\windows kits\10\include\10.0.16299.0\ucrt\stdio.h(1772): note: 参见“sprintf”的声明
g:\project\cqsdk-vc-master\cqsdk-vc-master\cqsdk-vc-master\cqpdemo\appmain.cpp(156): warning C4996: 'sprintf': This function or variable may be unsafe. Consider using sprintf_s instead. To disable deprecation, use _CRT_SECURE_NO_WARNINGS. See online help for details.
  k:\windows kits\10\include\10.0.16299.0\ucrt\stdio.h(1772): note: 参见“sprintf”的声明
g:\project\cqsdk-vc-master\cqsdk-vc-master\cqsdk-vc-master\cqpdemo\appmain.cpp(201): warning C4996: 'sprintf': This function or variable may be unsafe. Consider using sprintf_s instead. To disable deprecation, use _CRT_SECURE_NO_WARNINGS. See online help for details.
  k:\windows kits\10\include\10.0.16299.0\ucrt\stdio.h(1772): note: 参见“sprintf”的声明
g:\project\cqsdk-vc-master\cqsdk-vc-master\cqsdk-vc-master\cqpdemo\appmain.cpp(202): warning C4996: 'sprintf': This function or variable may be unsafe. Consider using sprintf_s instead. To disable deprecation, use _CRT_SECURE_NO_WARNINGS. See online help for details.
  k:\windows kits\10\include\10.0.16299.0\ucrt\stdio.h(1772): note: 参见“sprintf”的声明
g:\project\cqsdk-vc-master\cqsdk-vc-master\cqsdk-vc-master\cqpdemo\appmain.cpp(238): warning C4996: 'sprintf': This function or variable may be unsafe. Consider using sprintf_s instead. To disable deprecation, use _CRT_SECURE_NO_WARNINGS. See online help for details.
  k:\windows kits\10\include\10.0.16299.0\ucrt\stdio.h(1772): note: 参见“sprintf”的声明
g:\project\cqsdk-vc-master\cqsdk-vc-master\cqsdk-vc-master\cqpdemo\appmain.cpp(391): warning C4244: “参数”: 从“int64_t”转换到“int”，可能丢失数据
g:\project\cqsdk-vc-master\cqsdk-vc-master\cqsdk-vc-master\cqpdemo\appmain.cpp(289): warning C4996: 'sprintf': This function or variable may be unsafe. Consider using sprintf_s instead. To disable deprecation, use _CRT_SECURE_NO_WARNINGS. See online help for details.
  k:\windows kits\10\include\10.0.16299.0\ucrt\stdio.h(1772): note: 参见“sprintf”的声明
g:\project\cqsdk-vc-master\cqsdk-vc-master\cqsdk-vc-master\cqpdemo\appmain.cpp(296): warning C4996: 'sprintf': This function or variable may be unsafe. Consider using sprintf_s instead. To disable deprecation, use _CRT_SECURE_NO_WARNINGS. See online help for details.
  k:\windows kits\10\include\10.0.16299.0\ucrt\stdio.h(1772): note: 参见“sprintf”的声明
g:\project\cqsdk-vc-master\cqsdk-vc-master\cqsdk-vc-master\cqpdemo\appmain.cpp(341): warning C4996: 'sprintf': This function or variable may be unsafe. Consider using sprintf_s instead. To disable deprecation, use _CRT_SECURE_NO_WARNINGS. See online help for details.
  k:\windows kits\10\include\10.0.16299.0\ucrt\stdio.h(1772): note: 参见“sprintf”的声明
g:\project\cqsdk-vc-master\cqsdk-vc-master\cqsdk-vc-master\cqpdemo\appmain.cpp(342): warning C4996: 'sprintf': This function or variable may be unsafe. Consider using sprintf_s instead. To disable deprecation, use _CRT_SECURE_NO_WARNINGS. See online help for details.
  k:\windows kits\10\include\10.0.16299.0\ucrt\stdio.h(1772): note: 参见“sprintf”的声明
g:\project\cqsdk-vc-master\cqsdk-vc-master\cqsdk-vc-master\cqpdemo\appmain.cpp(378): warning C4996: 'sprintf': This function or variable may be unsafe. Consider using sprintf_s instead. To disable deprecation, use _CRT_SECURE_NO_WARNINGS. See online help for details.
  k:\windows kits\10\include\10.0.16299.0\ucrt\stdio.h(1772): note: 参见“sprintf”的声明
g:\project\cqsdk-vc-master\cqsdk-vc-master\cqsdk-vc-master\cqpdemo\appmain.cpp(497): warning C4244: “参数”: 从“time_t”转换到“unsigned int”，可能丢失数据
g:\project\cqsdk-vc-master\cqsdk-vc-master\cqsdk-vc-master\cqpdemo\appmain.cpp(503): warning C4996: 'itoa': The POSIX name for this item is deprecated. Instead, use the ISO C and C++ conformant name: _itoa. See online help for details.
  k:\windows kits\10\include\10.0.16299.0\ucrt\stdlib.h(1334): note: 参见“itoa”的声明
g:\project\cqsdk-vc-master\cqsdk-vc-master\cqsdk-vc-master\cqpdemo\appmain.cpp(505): warning C4996: 'sprintf': This function or variable may be unsafe. Consider using sprintf_s instead. To disable deprecation, use _CRT_SECURE_NO_WARNINGS. See online help for details.
  k:\windows kits\10\include\10.0.16299.0\ucrt\stdio.h(1772): note: 参见“sprintf”的声明
g:\project\cqsdk-vc-master\cqsdk-vc-master\cqsdk-vc-master\cqpdemo\appmain.cpp(512): warning C4244: “参数”: 从“time_t”转换到“unsigned int”，可能丢失数据
g:\project\cqsdk-vc-master\cqsdk-vc-master\cqsdk-vc-master\cqpdemo\appmain.cpp(518): warning C4996: 'itoa': The POSIX name for this item is deprecated. Instead, use the ISO C and C++ conformant name: _itoa. See online help for details.
  k:\windows kits\10\include\10.0.16299.0\ucrt\stdlib.h(1334): note: 参见“itoa”的声明
g:\project\cqsdk-vc-master\cqsdk-vc-master\cqsdk-vc-master\cqpdemo\appmain.cpp(520): warning C4996: 'sprintf': This function or variable may be unsafe. Consider using sprintf_s instead. To disable deprecation, use _CRT_SECURE_NO_WARNINGS. See online help for details.
  k:\windows kits\10\include\10.0.16299.0\ucrt\stdio.h(1772): note: 参见“sprintf”的声明
g:\project\cqsdk-vc-master\cqsdk-vc-master\cqsdk-vc-master\cqpdemo\appmain.cpp(527): warning C4244: “参数”: 从“time_t”转换到“unsigned int”，可能丢失数据
g:\project\cqsdk-vc-master\cqsdk-vc-master\cqsdk-vc-master\cqpdemo\appmain.cpp(532): warning C4996: 'sprintf': This function or variable may be unsafe. Consider using sprintf_s instead. To disable deprecation, use _CRT_SECURE_NO_WARNINGS. See online help for details.
  k:\windows kits\10\include\10.0.16299.0\ucrt\stdio.h(1772): note: 参见“sprintf”的声明
g:\project\cqsdk-vc-master\cqsdk-vc-master\cqsdk-vc-master\cqpdemo\appmain.cpp(538): warning C4244: “参数”: 从“time_t”转换到“unsigned int”，可能丢失数据
g:\project\cqsdk-vc-master\cqsdk-vc-master\cqsdk-vc-master\cqpdemo\appmain.cpp(547): warning C4996: 'sprintf': This function or variable may be unsafe. Consider using sprintf_s instead. To disable deprecation, use _CRT_SECURE_NO_WARNINGS. See online help for details.
  k:\windows kits\10\include\10.0.16299.0\ucrt\stdio.h(1772): note: 参见“sprintf”的声明
g:\project\cqsdk-vc-master\cqsdk-vc-master\cqsdk-vc-master\cqpdemo\appmain.cpp(559): warning C4244: “参数”: 从“time_t”转换到“unsigned int”，可能丢失数据
g:\project\cqsdk-vc-master\cqsdk-vc-master\cqsdk-vc-master\cqpdemo\appmain.cpp(574): warning C4244: “参数”: 从“time_t”转换到“unsigned int”，可能丢失数据
g:\project\cqsdk-vc-master\cqsdk-vc-master\cqsdk-vc-master\cqpdemo\appmain.cpp(596): warning C4244: “参数”: 从“time_t”转换到“unsigned int”，可能丢失数据
g:\project\cqsdk-vc-master\cqsdk-vc-master\cqsdk-vc-master\cqpdemo\appmain.cpp(602): warning C4996: 'sprintf': This function or variable may be unsafe. Consider using sprintf_s instead. To disable deprecation, use _CRT_SECURE_NO_WARNINGS. See online help for details.
  k:\windows kits\10\include\10.0.16299.0\ucrt\stdio.h(1772): note: 参见“sprintf”的声明
g:\project\cqsdk-vc-master\cqsdk-vc-master\cqsdk-vc-master\cqpdemo\appmain.cpp(612): warning C4244: “参数”: 从“time_t”转换到“unsigned int”，可能丢失数据
g:\project\cqsdk-vc-master\cqsdk-vc-master\cqsdk-vc-master\cqpdemo\appmain.cpp(619): warning C4996: 'sprintf': This function or variable may be unsafe. Consider using sprintf_s instead. To disable deprecation, use _CRT_SECURE_NO_WARNINGS. See online help for details.
  k:\windows kits\10\include\10.0.16299.0\ucrt\stdio.h(1772): note: 参见“sprintf”的声明
g:\project\cqsdk-vc-master\cqsdk-vc-master\cqsdk-vc-master\cqpdemo\appmain.cpp(628): warning C4244: “参数”: 从“time_t”转换到“unsigned int”，可能丢失数据
g:\project\cqsdk-vc-master\cqsdk-vc-master\cqsdk-vc-master\cqpdemo\appmain.cpp(634): warning C4996: 'itoa': The POSIX name for this item is deprecated. Instead, use the ISO C and C++ conformant name: _itoa. See online help for details.
  k:\windows kits\10\include\10.0.16299.0\ucrt\stdlib.h(1334): note: 参见“itoa”的声明
g:\project\cqsdk-vc-master\cqsdk-vc-master\cqsdk-vc-master\cqpdemo\appmain.cpp(635): warning C4996: 'sprintf': This function or variable may be unsafe. Consider using sprintf_s instead. To disable deprecation, use _CRT_SECURE_NO_WARNINGS. See online help for details.
  k:\windows kits\10\include\10.0.16299.0\ucrt\stdio.h(1772): note: 参见“sprintf”的声明
g:\project\cqsdk-vc-master\cqsdk-vc-master\cqsdk-vc-master\cqpdemo\appmain.cpp(639): warning C4996: 'sprintf': This function or variable may be unsafe. Consider using sprintf_s instead. To disable deprecation, use _CRT_SECURE_NO_WARNINGS. See online help for details.
  k:\windows kits\10\include\10.0.16299.0\ucrt\stdio.h(1772): note: 参见“sprintf”的声明
    正在创建库 G:\Project\cqsdk-vc-master\cqsdk-vc-master\cqsdk-vc-master\Release\com.example.democ.lib 和对象 G:\Project\cqsdk-vc-master\cqsdk-vc-master\cqsdk-vc-master\Release\com.example.democ.exp
  正在生成代码
g:\project\cqsdk-vc-master\cqsdk-vc-master\cqsdk-vc-master\cqpdemo\appmain.cpp(684): warning C4715: “lfSilentor”: 不是所有的控件路径都返回值
  2 of 283 functions ( 0.7%) were compiled, the rest were copied from previous compilation.
    0 functions were new in current compilation
    0 functions had inline decision re-evaluated but remain unchanged
  已完成代码的生成
  CQPDemo.vcxproj -> G:\Project\cqsdk-vc-master\cqsdk-vc-master\cqsdk-vc-master\Release\com.example.democ.dll
